Determining if the pthread_create exist failed with the following output:
Change Dir: /home/wsc/Projects/vsomeip/demo/First_Application_try/build/CMakeFiles/CMakeTmp

Run Build Command:"/usr/bin/make" "cmTC_fd296/fast"
/usr/bin/make -f CMakeFiles/cmTC_fd296.dir/build.make CMakeFiles/cmTC_fd296.dir/build
make[1]: Entering directory '/home/wsc/Projects/vsomeip/demo/First_Application_try/build/CMakeFiles/CMakeTmp'
Building C object CMakeFiles/cmTC_fd296.dir/CheckSymbolExists.c.o
/usr/bin/cc    -o CMakeFiles/cmTC_fd296.dir/CheckSymbolExists.c.o   -c /home/wsc/Projects/vsomeip/demo/First_Application_try/build/CMakeFiles/CMakeTmp/CheckSymbolExists.c
Linking C executable cmTC_fd296
/usr/bin/cmake -E cmake_link_script CMakeFiles/cmTC_fd296.dir/link.txt --verbose=1
/usr/bin/cc      -rdynamic CMakeFiles/cmTC_fd296.dir/CheckSymbolExists.c.o  -o cmTC_fd296 
CMakeFiles/cmTC_fd296.dir/CheckSymbolExists.c.o: In function `main':
CheckSymbolExists.c:(.text+0x1b): undefined reference to `pthread_create'
collect2: error: ld returned 1 exit status
CMakeFiles/cmTC_fd296.dir/build.make:97: recipe for target 'cmTC_fd296' failed
make[1]: *** [cmTC_fd296] Error 1
make[1]: Leaving directory '/home/wsc/Projects/vsomeip/demo/First_Application_try/build/CMakeFiles/CMakeTmp'
Makefile:126: recipe for target 'cmTC_fd296/fast' failed
make: *** [cmTC_fd296/fast] Error 2

File /home/wsc/Projects/vsomeip/demo/First_Application_try/build/CMakeFiles/CMakeTmp/CheckSymbolExists.c:
/* */
#include <pthread.h>

int main(int argc, char** argv)
{
  (void)argv;
#ifndef pthread_create
  return ((int*)(&pthread_create))[argc];
#else
  (void)argc;
  return 0;
#endif
}

Determining if the function pthread_create exists in the pthreads failed with the following output:
Change Dir: /home/wsc/Projects/vsomeip/demo/First_Application_try/build/CMakeFiles/CMakeTmp

Run Build Command:"/usr/bin/make" "cmTC_778bf/fast"
/usr/bin/make -f CMakeFiles/cmTC_778bf.dir/build.make CMakeFiles/cmTC_778bf.dir/build
make[1]: Entering directory '/home/wsc/Projects/vsomeip/demo/First_Application_try/build/CMakeFiles/CMakeTmp'
Building C object CMakeFiles/cmTC_778bf.dir/CheckFunctionExists.c.o
/usr/bin/cc   -DCHECK_FUNCTION_EXISTS=pthread_create   -o CMakeFiles/cmTC_778bf.dir/CheckFunctionExists.c.o   -c /usr/share/cmake-3.10/Modules/CheckFunctionExists.c
Linking C executable cmTC_778bf
/usr/bin/cmake -E cmake_link_script CMakeFiles/cmTC_778bf.dir/link.txt --verbose=1
/usr/bin/cc  -DCHECK_FUNCTION_EXISTS=pthread_create    -rdynamic CMakeFiles/cmTC_778bf.dir/CheckFunctionExists.c.o  -o cmTC_778bf -lpthreads 
/usr/bin/ld: cannot find -lpthreads
collect2: error: ld returned 1 exit status
CMakeFiles/cmTC_778bf.dir/build.make:97: recipe for target 'cmTC_778bf' failed
make[1]: *** [cmTC_778bf] Error 1
make[1]: Leaving directory '/home/wsc/Projects/vsomeip/demo/First_Application_try/build/CMakeFiles/CMakeTmp'
Makefile:126: recipe for target 'cmTC_778bf/fast' failed
make: *** [cmTC_778bf/fast] Error 2


